<?xml version="1.0" encoding="UTF-8"?>
<!-- Generated by org.testng.reporters.JUnitXMLReporter -->
<testsuite ignored="0" hostname="QSP" failures="0" tests="6" name="Test" time="0.172" errors="0" timestamp="2022-04-22T07:12:49 IST">
  <testcase classname="scripts.Test6" name="tc6" time="0.018"/>
  <testcase classname="scripts.Test5" name="tc5" time="0.003"/>
  <testcase classname="scripts.Test4" name="tc4" time="0.009"/>
  <testcase classname="scripts.Test3" name="tc3" time="0.005"/>
  <testcase classname="scripts.Test2" name="tc2" time="0.01"/>
  <testcase classname="scripts.Test1" name="demo" time="0.003"/>
</testsuite> <!-- Test -->
