<?xml version="1.0" encoding="UTF-8"?>
<!-- Generated by org.testng.reporters.JUnitXMLReporter -->
<testsuite ignored="0" hostname="QSP" failures="0" tests="4" name="Test" time="0.181" errors="0" timestamp="2022-04-05T09:34:18 IST">
  <testcase classname="scripts.Test4" name="tc4" time="0.014"/>
  <testcase classname="scripts.Test3" name="tc3" time="0.003"/>
  <testcase classname="scripts.Test2" name="tc2" time="0.014"/>
  <testcase classname="scripts.Test1" name="demo" time="0.002"/>
</testsuite> <!-- Test -->
