<?xml version="1.0" encoding="UTF-8"?>
<testng-results ignored="0" total="6" passed="6" failed="0" skipped="0">
  <reporter-output>
    <line>
      <![CDATA[Hello API]]>
    </line>
    <line>
      <![CDATA[Hello Postman]]>
    </line>
    <line>
      <![CDATA[Hello appium]]>
    </line>
    <line>
      <![CDATA[Hello python]]>
    </line>
    <line>
      <![CDATA[Hello selenium]]>
    </line>
    <line>
      <![CDATA[Hello java]]>
    </line>
  </reporter-output>
  <suite started-at="2022-04-22T07:12:49 IST" name="Suite" finished-at="2022-04-22T07:12:49 IST" duration-ms="172">
    <groups>
    </groups>
    <test started-at="2022-04-22T07:12:49 IST" name="Test" finished-at="2022-04-22T07:12:49 IST" duration-ms="172">
      <class name="scripts.Test1">
        <test-method signature="demo()[pri:0, instance:scripts.Test1@d6e7bab]" started-at="2022-04-22T07:12:49 IST" name="demo" finished-at="2022-04-22T07:12:49 IST" duration-ms="3" status="PASS">
          <reporter-output>
            <line>
              <![CDATA[Hello java]]>
            </line>
          </reporter-output>
        </test-method> <!-- demo -->
      </class> <!-- scripts.Test1 -->
      <class name="scripts.Test3">
        <test-method signature="tc3()[pri:0, instance:scripts.Test3@29647f75]" started-at="2022-04-22T07:12:49 IST" name="tc3" finished-at="2022-04-22T07:12:49 IST" duration-ms="5" status="PASS">
          <reporter-output>
            <line>
              <![CDATA[Hello python]]>
            </line>
          </reporter-output>
        </test-method> <!-- tc3 -->
      </class> <!-- scripts.Test3 -->
      <class name="scripts.Test2">
        <test-method signature="tc2()[pri:0, instance:scripts.Test2@3315d2d7]" started-at="2022-04-22T07:12:49 IST" name="tc2" finished-at="2022-04-22T07:12:49 IST" duration-ms="10" status="PASS">
          <reporter-output>
            <line>
              <![CDATA[Hello selenium]]>
            </line>
          </reporter-output>
        </test-method> <!-- tc2 -->
      </class> <!-- scripts.Test2 -->
      <class name="scripts.Test5">
        <test-method signature="tc5()[pri:0, instance:scripts.Test5@2892dae4]" started-at="2022-04-22T07:12:49 IST" name="tc5" finished-at="2022-04-22T07:12:49 IST" duration-ms="3" status="PASS">
          <reporter-output>
            <line>
              <![CDATA[Hello Postman]]>
            </line>
          </reporter-output>
        </test-method> <!-- tc5 -->
      </class> <!-- scripts.Test5 -->
      <class name="scripts.Test4">
        <test-method signature="tc4()[pri:0, instance:scripts.Test4@355ce81c]" started-at="2022-04-22T07:12:49 IST" name="tc4" finished-at="2022-04-22T07:12:49 IST" duration-ms="9" status="PASS">
          <reporter-output>
            <line>
              <![CDATA[Hello appium]]>
            </line>
          </reporter-output>
        </test-method> <!-- tc4 -->
      </class> <!-- scripts.Test4 -->
      <class name="scripts.Test6">
        <test-method signature="tc6()[pri:0, instance:scripts.Test6@13b13b5d]" started-at="2022-04-22T07:12:49 IST" name="tc6" finished-at="2022-04-22T07:12:49 IST" duration-ms="18" status="PASS">
          <reporter-output>
            <line>
              <![CDATA[Hello API]]>
            </line>
          </reporter-output>
        </test-method> <!-- tc6 -->
      </class> <!-- scripts.Test6 -->
    </test> <!-- Test -->
  </suite> <!-- Suite -->
</testng-results>
