<?xml version="1.0" encoding="UTF-8"?>
<testng-results ignored="0" total="3" passed="3" failed="0" skipped="0">
  <reporter-output>
    <line>
      <![CDATA[Hello python]]>
    </line>
    <line>
      <![CDATA[Hello selenium]]>
    </line>
    <line>
      <![CDATA[Hello java]]>
    </line>
  </reporter-output>
  <suite started-at="2022-03-19T06:31:28 IST" name="Suite" finished-at="2022-03-19T06:31:28 IST" duration-ms="175">
    <groups>
    </groups>
    <test started-at="2022-03-19T06:31:28 IST" name="Test" finished-at="2022-03-19T06:31:28 IST" duration-ms="175">
      <class name="scripts.Test1">
        <test-method signature="demo()[pri:0, instance:scripts.Test1@5939a379]" started-at="2022-03-19T06:31:28 IST" name="demo" finished-at="2022-03-19T06:31:28 IST" duration-ms="8" status="PASS">
          <reporter-output>
            <line>
              <![CDATA[Hello java]]>
            </line>
          </reporter-output>
        </test-method> <!-- demo -->
      </class> <!-- scripts.Test1 -->
      <class name="scripts.Test3">
        <test-method signature="tc3()[pri:0, instance:scripts.Test3@2beee7ff]" started-at="2022-03-19T06:31:28 IST" name="tc3" finished-at="2022-03-19T06:31:28 IST" duration-ms="34" status="PASS">
          <reporter-output>
            <line>
              <![CDATA[Hello python]]>
            </line>
          </reporter-output>
        </test-method> <!-- tc3 -->
      </class> <!-- scripts.Test3 -->
      <class name="scripts.Test2">
        <test-method signature="tc2()[pri:0, instance:scripts.Test2@5136d012]" started-at="2022-03-19T06:31:28 IST" name="tc2" finished-at="2022-03-19T06:31:28 IST" duration-ms="7" status="PASS">
          <reporter-output>
            <line>
              <![CDATA[Hello selenium]]>
            </line>
          </reporter-output>
        </test-method> <!-- tc2 -->
      </class> <!-- scripts.Test2 -->
    </test> <!-- Test -->
  </suite> <!-- Suite -->
</testng-results>
